<?xml version="1.0" encoding="UTF-8"?>
<!-- Generated by org.testng.reporters.JUnitReportReporter -->
<testsuite hostname="ASTRA-Larry" name="com.javahris.springmvc.dao.EmployeeDaoImplTest" tests="6" failures="0" timestamp="15 Dec 2015 06:15:48 GMT" time="0.398" errors="0">
  <testcase name="deleteEmployeeByEmpNumber" time="0.115" classname="com.javahris.springmvc.dao.EmployeeDaoImplTest"/>
  <testcase name="deleteEmployeeByInvalidEmpNumber" time="0.017" classname="com.javahris.springmvc.dao.EmployeeDaoImplTest"/>
  <testcase name="findAllEmployees" time="0.134" classname="com.javahris.springmvc.dao.EmployeeDaoImplTest"/>
  <testcase name="findEmployeeByEmpNumber" time="0.029" classname="com.javahris.springmvc.dao.EmployeeDaoImplTest"/>
  <testcase name="saveEmployee" time="0.077" classname="com.javahris.springmvc.dao.EmployeeDaoImplTest"/>
  <testcase name="findById" time="0.026" classname="com.javahris.springmvc.dao.EmployeeDaoImplTest"/>
</testsuite> <!-- com.javahris.springmvc.dao.EmployeeDaoImplTest -->
