<?xml version="1.0" encoding="UTF-8"?>
<!-- Generated by org.testng.reporters.JUnitReportReporter -->
<testsuite hostname="ASTRA-Larry" name="com.javahris.springmvc.service.EmployeeServiceImplTest" tests="6" failures="0" timestamp="15 Dec 2015 04:42:13 GMT" time="0.023" errors="0">
  <testcase name="deleteEmployeeBySsn" time="0.014" classname="com.javahris.springmvc.service.EmployeeServiceImplTest"/>
  <testcase name="findEmployeeBySsn" time="0.001" classname="com.javahris.springmvc.service.EmployeeServiceImplTest"/>
  <testcase name="findById" time="0.002" classname="com.javahris.springmvc.service.EmployeeServiceImplTest"/>
  <testcase name="findAllEmployees" time="0.003" classname="com.javahris.springmvc.service.EmployeeServiceImplTest"/>
  <testcase name="updateEmployee" time="0.001" classname="com.javahris.springmvc.service.EmployeeServiceImplTest"/>
  <testcase name="saveEmployee" time="0.002" classname="com.javahris.springmvc.service.EmployeeServiceImplTest"/>
</testsuite> <!-- com.javahris.springmvc.service.EmployeeServiceImplTest -->
